0 info it worked if it ends with ok
1 verbose cli [ '/usr/local/bin/node',
1 verbose cli   '/usr/local/bin/npm',
1 verbose cli   'install',
1 verbose cli   'node-stringprep' ]
2 info using npm@1.1.44
3 info using node@v0.9.0
4 verbose config file /home/william/.npmrc
5 verbose config file /usr/local/etc/npmrc
6 verbose config file /usr/local/lib/node_modules/npm/npmrc
7 verbose read json /home/william/git/node-simple-xmpp/package.json
8 verbose read json /home/william/git/node-simple-xmpp/node_modules/nodemock/package.json
9 verbose read json /home/william/git/node-simple-xmpp/node_modules/qbox/package.json
10 verbose read json /home/william/git/node-simple-xmpp/node_modules/horaa/package.json
11 verbose read json /home/william/git/node-simple-xmpp/node_modules/node-xmpp/package.json
12 verbose read json /home/william/git/node-simple-xmpp/node_modules/ltx/package.json
13 verbose from cache /home/william/git/node-simple-xmpp/package.json
14 verbose readDependencies using package.json deps
15 verbose cache add [ 'node-stringprep', null ]
16 silly cache add name=undefined spec="node-stringprep" args=["node-stringprep",null]
17 verbose parsed url { pathname: 'node-stringprep',
17 verbose parsed url   path: 'node-stringprep',
17 verbose parsed url   href: 'node-stringprep' }
18 silly lockFile d7e52d33-node-stringprep node-stringprep
19 verbose lock node-stringprep /home/william/.npm/d7e52d33-node-stringprep.lock
20 silly lockFile d7e52d33-node-stringprep node-stringprep
21 verbose addNamed [ 'node-stringprep', '' ]
22 verbose addNamed [ null, '' ]
23 silly lockFile c469c25e-node-stringprep node-stringprep@
24 verbose lock node-stringprep@ /home/william/.npm/c469c25e-node-stringprep.lock
25 silly addNameRange { name: 'node-stringprep', range: '', hasData: false }
26 verbose url raw node-stringprep
27 verbose url resolving [ 'https://registry.npmjs.org/', './node-stringprep' ]
28 verbose url resolved https://registry.npmjs.org/node-stringprep
29 info retry registry request attempt 1 at 16:05:20
30 http GET https://registry.npmjs.org/node-stringprep
31 http 200 https://registry.npmjs.org/node-stringprep
32 silly registry.get cb [ 200,
32 silly registry.get   { vary: 'Accept',
32 silly registry.get     server: 'CouchDB/1.3.0 (Erlang OTP/R15B03)',
32 silly registry.get     etag: '"3OF1MZDZHG2YHIJODN8FHW4PQ"',
32 silly registry.get     date: 'Thu, 20 Jun 2013 19:05:25 GMT',
32 silly registry.get     'content-type': 'application/json',
32 silly registry.get     'content-length': '21005' } ]
33 silly addNameRange number 2 { name: 'node-stringprep', range: '', hasData: true }
34 silly addNameRange versions [ 'node-stringprep',
34 silly addNameRange   [ '0.0.2',
34 silly addNameRange     '0.0.3',
34 silly addNameRange     '0.0.4',
34 silly addNameRange     '0.0.5',
34 silly addNameRange     '0.1.0',
34 silly addNameRange     '0.1.1',
34 silly addNameRange     '0.1.2',
34 silly addNameRange     '0.1.3',
34 silly addNameRange     '0.1.4',
34 silly addNameRange     '0.1.5',
34 silly addNameRange     '0.1.5-test',
34 silly addNameRange     '0.1.6',
34 silly addNameRange     '0.1.7' ] ]
35 verbose addNamed [ 'node-stringprep', '0.1.7' ]
36 verbose addNamed [ '0.1.7', '0.1.7' ]
37 silly lockFile 90ea2e7e-node-stringprep-0-1-7 node-stringprep@0.1.7
38 verbose lock node-stringprep@0.1.7 /home/william/.npm/90ea2e7e-node-stringprep-0-1-7.lock
39 silly lockFile 506ecbfc-ngprep-node-stringprep-0-1-7-tgz https://registry.npmjs.org/node-stringprep/-/node-stringprep-0.1.7.tgz
40 verbose lock https://registry.npmjs.org/node-stringprep/-/node-stringprep-0.1.7.tgz /home/william/.npm/506ecbfc-ngprep-node-stringprep-0-1-7-tgz.lock
41 verbose addRemoteTarball [ 'https://registry.npmjs.org/node-stringprep/-/node-stringprep-0.1.7.tgz',
41 verbose addRemoteTarball   'b24c51ceb1c44be0b056cb138f03a659a070c434' ]
42 info retry fetch attempt 1 at 16:05:23
43 verbose fetch to= /home/william/tmp/npm-14151/1371755123720-0.36413524323143065/tmp.tgz
44 http GET https://registry.npmjs.org/node-stringprep/-/node-stringprep-0.1.7.tgz
45 http 200 https://registry.npmjs.org/node-stringprep/-/node-stringprep-0.1.7.tgz
46 silly shasum updated bytes 4458
47 info shasum b24c51ceb1c44be0b056cb138f03a659a070c434
47 info shasum /home/william/tmp/npm-14151/1371755123720-0.36413524323143065/tmp.tgz
48 verbose tar unpack /home/william/tmp/npm-14151/1371755123720-0.36413524323143065/tmp.tgz
49 silly lockFile 83132315-3720-0-36413524323143065-package /home/william/tmp/npm-14151/1371755123720-0.36413524323143065/package
50 verbose lock /home/william/tmp/npm-14151/1371755123720-0.36413524323143065/package /home/william/.npm/83132315-3720-0-36413524323143065-package.lock
51 silly gunzTarPerm modes [ '755', '644' ]
52 silly gunzTarPerm extractEntry package.json
53 silly gunzTarPerm extractEntry .npmignore
54 silly gunzTarPerm extractEntry LICENSE
55 silly gunzTarPerm extractEntry leakcheck.js
56 silly gunzTarPerm extractEntry README.markdown
57 silly gunzTarPerm extractEntry binding.gyp
58 silly gunzTarPerm extractEntry install.sh
59 silly gunzTarPerm extractEntry node-stringprep.cc
60 silly gunzTarPerm extractEntry wscript
61 verbose read json /home/william/tmp/npm-14151/1371755123720-0.36413524323143065/package/package.json
62 silly lockFile 83132315-3720-0-36413524323143065-package /home/william/tmp/npm-14151/1371755123720-0.36413524323143065/package
63 verbose from cache /home/william/tmp/npm-14151/1371755123720-0.36413524323143065/package/package.json
64 verbose tar pack [ '/home/william/.npm/node-stringprep/0.1.7/package.tgz',
64 verbose tar pack   '/home/william/tmp/npm-14151/1371755123720-0.36413524323143065/package' ]
65 verbose tarball /home/william/.npm/node-stringprep/0.1.7/package.tgz
66 verbose folder /home/william/tmp/npm-14151/1371755123720-0.36413524323143065/package
67 silly lockFile aa0e9d07-ode-stringprep-0-1-7-package-tgz /home/william/.npm/node-stringprep/0.1.7/package.tgz
68 verbose lock /home/william/.npm/node-stringprep/0.1.7/package.tgz /home/william/.npm/aa0e9d07-ode-stringprep-0-1-7-package-tgz.lock
69 silly lockFile aa0e9d07-ode-stringprep-0-1-7-package-tgz /home/william/.npm/node-stringprep/0.1.7/package.tgz
70 silly lockFile a936348a-pm-node-stringprep-0-1-7-package /home/william/.npm/node-stringprep/0.1.7/package
71 verbose lock /home/william/.npm/node-stringprep/0.1.7/package /home/william/.npm/a936348a-pm-node-stringprep-0-1-7-package.lock
72 silly lockFile a936348a-pm-node-stringprep-0-1-7-package /home/william/.npm/node-stringprep/0.1.7/package
73 verbose tar unpack /home/william/.npm/node-stringprep/0.1.7/package.tgz
74 silly lockFile a936348a-pm-node-stringprep-0-1-7-package /home/william/.npm/node-stringprep/0.1.7/package
75 verbose lock /home/william/.npm/node-stringprep/0.1.7/package /home/william/.npm/a936348a-pm-node-stringprep-0-1-7-package.lock
76 silly gunzTarPerm modes [ '755', '644' ]
77 silly gunzTarPerm extractEntry package.json
78 silly gunzTarPerm extractEntry .npmignore
79 silly gunzTarPerm extractEntry LICENSE
80 silly gunzTarPerm extractEntry leakcheck.js
81 silly gunzTarPerm extractEntry install.sh
82 silly gunzTarPerm extractEntry wscript
83 silly gunzTarPerm extractEntry README.markdown
84 silly gunzTarPerm extractEntry binding.gyp
85 silly gunzTarPerm extractEntry node-stringprep.cc
86 verbose read json /home/william/.npm/node-stringprep/0.1.7/package/package.json
87 silly lockFile a936348a-pm-node-stringprep-0-1-7-package /home/william/.npm/node-stringprep/0.1.7/package
88 silly shasum updated bytes 4450
89 info shasum 46f436c5db5e1a8cf7a857a780368ca0dc7e15d8
89 info shasum /home/william/.npm/node-stringprep/0.1.7/package.tgz
90 verbose from cache /home/william/.npm/node-stringprep/0.1.7/package/package.json
91 verbose chmod /home/william/.npm/node-stringprep/0.1.7/package.tgz 644
92 verbose chown /home/william/.npm/node-stringprep/0.1.7/package.tgz [ 1000, 1000 ]
93 silly lockFile 506ecbfc-ngprep-node-stringprep-0-1-7-tgz https://registry.npmjs.org/node-stringprep/-/node-stringprep-0.1.7.tgz
94 silly lockFile 90ea2e7e-node-stringprep-0-1-7 node-stringprep@0.1.7
95 silly lockFile c469c25e-node-stringprep node-stringprep@
96 silly resolved [ { name: 'node-stringprep',
96 silly resolved     version: '0.1.7',
96 silly resolved     main: './build/Release/node_stringprep.node',
96 silly resolved     description: 'ICU StringPrep profiles',
96 silly resolved     keywords: [ 'unicode', 'stringprep', 'icu' ],
96 silly resolved     dependencies: {},
96 silly resolved     devDependencies: {},
96 silly resolved     repository:
96 silly resolved      { type: 'git',
96 silly resolved        path: 'git://github.com/astro/node-stringprep.git' },
96 silly resolved     homepage: 'http://github.com/astro/node-stringprep',
96 silly resolved     bugs: 'http://github.com/astro/node-stringprep/issues',
96 silly resolved     author:
96 silly resolved      { name: 'Astro',
96 silly resolved        email: 'astro@spaceboyz.net',
96 silly resolved        url: 'http://spaceboyz.net/~astro/' },
96 silly resolved     licenses: [ [Object] ],
96 silly resolved     engines: { node: '>=0.4' },
96 silly resolved     contributors: [ [Object], [Object], [Object] ],
96 silly resolved     scripts: { install: 'node-gyp rebuild' },
96 silly resolved     gypfile: true,
96 silly resolved     readme: '# node-stringprep #\n\n[Flattr this!](https://flattr.com/thing/44598/node-stringprep)\n\n## Purpose ##\n\nExposes predefined Unicode normalization functions that are required by many protocols. This is just a binding to [ICU](http://icu-project.org/), which is [said to be fast.](http://ayena.de/node/74)\n\n## Installation ##\n\n    npm i node-stringprep\n    \n### Debian ###\n\n    apt-get install libicu-dev\n\n### Gentoo ###\n\nemerge icu\n\n### OSX ###\n#### MacPorts ####\n    port install icu +devel\n\n#### Homebrew ####\n    brew install icu4c\n    ln -s /usr/local/Cellar/icu4c/<VERSION>/bin/icu-config /usr/local/bin/icu-config\n    ln -s /usr/local/Cellar/icu4c/<VERSION>/include/unicode /usr/local/include\n\nIf experiencing issues with \'homebrew\' installing version 50.1 of icu4c, try the following:\n\n    brew search icu4c\n    brew tap homebrew/versions\n    brew versions icu4c\n    cd $(brew --prefix) && git pull --rebase\n    git checkout c25fd2f $(brew --prefix)/Library/Formula/icu4c.rb\n    brew install icu4c\n    \n## Usage ##\n\n    var StringPrep = require(\'node-stringprep\').StringPrep;\n    var prep = new StringPrep(\'nameprep\');\n    prep.prepare(\'Äffchen\')  // => \'äffchen\'\n\nFor a list of supported profiles, see [node-stringprep.cc](http://github.com/astro/node-stringprep/blob/master/node-stringprep.cc#L160)\n',
96 silly resolved     _id: 'node-stringprep@0.1.7',
96 silly resolved     dist: { shasum: '46f436c5db5e1a8cf7a857a780368ca0dc7e15d8' },
96 silly resolved     _from: 'node-stringprep' } ]
97 info install node-stringprep@0.1.7 into /home/william/git/node-simple-xmpp
98 info installOne node-stringprep@0.1.7
99 verbose from cache /home/william/.npm/node-stringprep/0.1.7/package/package.json
100 info /home/william/git/node-simple-xmpp/node_modules/node-stringprep unbuild
101 verbose read json /home/william/git/node-simple-xmpp/node_modules/node-stringprep/package.json
102 verbose tar unpack /home/william/.npm/node-stringprep/0.1.7/package.tgz
103 silly lockFile 185369e0-mpp-node-modules-node-stringprep /home/william/git/node-simple-xmpp/node_modules/node-stringprep
104 verbose lock /home/william/git/node-simple-xmpp/node_modules/node-stringprep /home/william/.npm/185369e0-mpp-node-modules-node-stringprep.lock
105 silly gunzTarPerm modes [ '755', '644' ]
106 silly gunzTarPerm extractEntry package.json
107 silly gunzTarPerm extractEntry .npmignore
108 silly gunzTarPerm extractEntry LICENSE
109 silly gunzTarPerm extractEntry leakcheck.js
110 silly gunzTarPerm extractEntry install.sh
111 silly gunzTarPerm extractEntry wscript
112 silly gunzTarPerm extractEntry README.markdown
113 silly gunzTarPerm extractEntry binding.gyp
114 silly gunzTarPerm extractEntry node-stringprep.cc
115 verbose read json /home/william/git/node-simple-xmpp/node_modules/node-stringprep/package.json
116 silly lockFile 185369e0-mpp-node-modules-node-stringprep /home/william/git/node-simple-xmpp/node_modules/node-stringprep
117 info preinstall node-stringprep@0.1.7
118 verbose from cache /home/william/git/node-simple-xmpp/node_modules/node-stringprep/package.json
119 verbose readDependencies using package.json deps
120 verbose from cache /home/william/git/node-simple-xmpp/node_modules/node-stringprep/package.json
121 verbose readDependencies using package.json deps
122 silly resolved []
123 verbose about to build /home/william/git/node-simple-xmpp/node_modules/node-stringprep
124 info build /home/william/git/node-simple-xmpp/node_modules/node-stringprep
125 verbose from cache /home/william/git/node-simple-xmpp/node_modules/node-stringprep/package.json
126 verbose linkStuff [ false,
126 verbose linkStuff   false,
126 verbose linkStuff   false,
126 verbose linkStuff   '/home/william/git/node-simple-xmpp/node_modules' ]
127 info linkStuff node-stringprep@0.1.7
128 verbose linkBins node-stringprep@0.1.7
129 verbose linkMans node-stringprep@0.1.7
130 verbose rebuildBundles node-stringprep@0.1.7
131 info install node-stringprep@0.1.7
132 verbose unsafe-perm in lifecycle true
133 silly exec sh "-c" "node-gyp rebuild"
134 silly sh,-c,node-gyp rebuild,/home/william/git/node-simple-xmpp/node_modules/node-stringprep spawning
135 info node-stringprep@0.1.7 Failed to exec install script
136 info /home/william/git/node-simple-xmpp/node_modules/node-stringprep unbuild
137 verbose from cache /home/william/git/node-simple-xmpp/node_modules/node-stringprep/package.json
138 info preuninstall node-stringprep@0.1.7
139 info uninstall node-stringprep@0.1.7
140 verbose true,/home/william/git/node-simple-xmpp/node_modules,/home/william/git/node-simple-xmpp/node_modules unbuild node-stringprep@0.1.7
141 info postuninstall node-stringprep@0.1.7
142 error node-stringprep@0.1.7 install: `node-gyp rebuild`
142 error `sh "-c" "node-gyp rebuild"` failed with 1
143 error Failed at the node-stringprep@0.1.7 install script.
143 error This is most likely a problem with the node-stringprep package,
143 error not with npm itself.
143 error Tell the author that this fails on your system:
143 error     node-gyp rebuild
143 error You can get their info via:
143 error     npm owner ls node-stringprep
143 error There is likely additional logging output above.
144 error System Linux 3.8.0-19-generic
145 error command "/usr/local/bin/node" "/usr/local/bin/npm" "install" "node-stringprep"
146 error cwd /home/william/git/node-simple-xmpp
147 error node -v v0.9.0
148 error npm -v 1.1.44
149 error code ELIFECYCLE
150 error stack Error: node-stringprep@0.1.7 install: `node-gyp rebuild`
150 error stack `sh "-c" "node-gyp rebuild"` failed with 1
150 error stack     at ChildProcess.<anonymous> (/usr/local/lib/node_modules/npm/lib/utils/exec.js:56:20)
150 error stack     at ChildProcess.EventEmitter.emit (events.js:91:17)
150 error stack     at Process._handle.onexit (child_process.js:674:10)
150 error stack     at process.startup.processMakeCallback.process._makeCallback (node.js:238:20)
151 verbose exit [ 1, true ]
